\BOOKMARK [1][-]{section*.2}{\376\377\000I\000n\000t\000r\000o\000d\000u\000c\000t\000i\000o\000n}{}% 1
\BOOKMARK [1][-]{section*.3}{\376\377\000L\000a\000t\000t\000i\000c\000e\000\040\000g\000a\000u\000g\000e\000\040\000t\000h\000e\000o\000r\000i\000e\000s}{}% 2
\BOOKMARK [2][-]{section*.4}{\376\377\000A\000\040\000c\000l\000a\000s\000s\000i\000c\000a\000l\000\040\000g\000a\000u\000g\000e\000\040\000s\000y\000m\000m\000e\000t\000r\000y}{section*.3}% 3
\BOOKMARK [2][-]{section*.6}{\376\377\000T\000h\000e\000\040\000D\000i\000r\000a\000c\000\040\000f\000r\000e\000e\000\040\000e\000l\000e\000c\000t\000r\000o\000n\000\040\000a\000n\000d\000\040\000t\000h\000e\000\040\000p\000h\000o\000t\000o\000n\000\040\000f\000i\000e\000l\000d}{section*.3}% 4
\BOOKMARK [1][-]{section*.7}{\376\377\000D\000e\000f\000i\000n\000i\000n\000g\000\040\000t\000h\000e\000\040\000l\000a\000t\000t\000i\000c\000e}{}% 5
\BOOKMARK [2][-]{section*.8}{\376\377\000A\000\040\000s\000t\000a\000g\000g\000e\000r\000e\000d\000\040\000l\000a\000t\000t\000i\000c\000e}{section*.7}% 6
\BOOKMARK [2][-]{section*.10}{\376\377\000W\000i\000l\000s\000o\000n\000'\000s\000\040\000f\000o\000r\000m\000u\000l\000a\000t\000i\000o\000n}{section*.7}% 7
\BOOKMARK [2][-]{section*.12}{\376\377\000P\000h\000y\000s\000i\000c\000a\000l\000\040\000i\000n\000t\000e\000r\000p\000r\000e\000t\000a\000t\000i\000o\000n\000\040\000a\000n\000d\000\040\000s\000y\000m\000m\000e\000t\000r\000y\000\040\000r\000e\000m\000a\000r\000k\000s}{section*.7}% 8
\BOOKMARK [1][-]{section*.13}{\376\377\000Q\000u\000a\000n\000t\000u\000m\000\040\000l\000i\000n\000k\000\040\000m\000o\000d\000e\000l\000s}{}% 9
\BOOKMARK [2][-]{section*.14}{\376\377\000U\000\050\0001\000\051\000\040\000q\000u\000a\000n\000t\000u\000m\000\040\000l\000i\000n\000k\000\040\000m\000o\000d\000e\000l\000\040\000i\000n\000\040\000\050\0002\000+\0001\000\051\000\040\000d\000i\000m\000e\000n\000s\000i\000o\000n\000s}{section*.13}% 10
\BOOKMARK [2][-]{section*.17}{\376\377\000S\000U\000\050\000N\000\051\000\040\000q\000u\000a\000n\000t\000u\000m\000\040\000l\000i\000n\000k\000\040\000m\000o\000d\000e\000l\000\040\000i\000n\000\040\000\050\0001\000+\0001\000\051\000\040\000d\000i\000m\000e\000n\000s\000i\000o\000n\000s}{section*.13}% 11
\BOOKMARK [1][-]{section*.19}{\376\377\000Q\000u\000a\000n\000t\000u\000m\000\040\000s\000i\000m\000u\000l\000a\000t\000i\000o\000n\000s}{}% 12
\BOOKMARK [2][-]{section*.22}{\376\377\000T\000r\000a\000n\000s\000f\000o\000r\000m\000a\000t\000i\000o\000n\000s\000\040\000f\000o\000r\000\040\000d\000i\000f\000f\000e\000r\000e\000n\000t\000\040\000q\000u\000a\000n\000t\000u\000m\000\040\000p\000l\000a\000t\000f\000o\000r\000m\000s}{section*.19}% 13
\BOOKMARK [2][-]{section*.25}{\376\377\000D\000i\000g\000i\000t\000a\000l\000\040\000q\000u\000a\000n\000t\000u\000m\000\040\000s\000i\000m\000u\000l\000a\000t\000i\000o\000n}{section*.19}% 14
\BOOKMARK [1][-]{section*.27}{\376\377\000C\000o\000n\000c\000l\000u\000d\000i\000n\000g\000\040\000r\000e\000m\000a\000r\000k\000s}{}% 15
\BOOKMARK [1][-]{section*.28}{\376\377\000A\000c\000k\000n\000o\000w\000l\000e\000d\000g\000m\000e\000n\000t\000s}{}% 16
\BOOKMARK [1][-]{section*.28}{\376\377\000B\000i\000b\000l\000i\000o\000g\000r\000a\000p\000h\000y}{}% 17
\BOOKMARK [0][-]{section*.30}{\376\377\000A\000p\000p\000e\000n\000d\000i\000c\000e\000s}{}% 18
\BOOKMARK [1][-]{section*.31}{\376\377\000H\000o\000l\000s\000t\000e\000i\000n\000-\000P\000r\000i\000m\000a\000k\000o\000f\000f\000\040\000t\000r\000a\000n\000s\000f\000o\000r\000m\000a\000t\000i\000o\000n\000\040\000c\000o\000m\000m\000u\000t\000a\000t\000i\000o\000n\000\040\000r\000e\000l\000a\000t\000i\000o\000n\000s}{section*.30}% 19
\BOOKMARK [1][-]{section*.32}{\376\377\000J\000o\000r\000d\000a\000n\000-\000W\000i\000g\000n\000e\000r\000\040\000c\000o\000m\000m\000u\000t\000a\000t\000i\000o\000n\000\040\000r\000e\000l\000a\000t\000i\000o\000n\000s}{section*.30}% 20
\BOOKMARK [1][-]{section*.33}{\376\377\000W\000r\000i\000t\000i\000n\000g\000\040\000d\000o\000w\000n\000\040\000a\000\040\000q\000u\000a\000n\000t\000u\000m\000\040\000l\000i\000n\000k\000\040\000m\000o\000d\000e\000l\000\040\000i\000n\000\040\000t\000e\000r\000m\000s\000\040\000o\000f\000\040\000q\000u\000b\000i\000t\000s}{section*.30}% 21
